<?xml version="1.0" encoding="UTF-8"?>
<testng-results ignored="0" total="1" passed="1" failed="0" skipped="0">
  <reporter-output>
  </reporter-output>
  <suite started-at="2024-09-09T17:50:00 IST" name="Suite" finished-at="2024-09-09T17:50:22 IST" duration-ms="21680">
    <groups>
      <group name="sanity">
        <method signature="TC001_AccountRegistrationTest.verify_aacoutnt_registration()[pri:0, instance:testCases.TC001_AccountRegistrationTest@4e5ed836]" name="verify_aacoutnt_registration" class="testCases.TC001_AccountRegistrationTest"/>
      </group> <!-- sanity -->
    </groups>
    <test started-at="2024-09-09T17:50:00 IST" name="chrome suite" finished-at="2024-09-09T17:50:22 IST" duration-ms="21680">
      <class name="testCases.TC001_AccountRegistrationTest">
        <test-method is-config="true" signature="setup(java.lang.String,java.lang.String)[pri:0, instance:testCases.TC001_AccountRegistrationTest@4e5ed836]" started-at="2024-09-09T17:50:00 IST" name="setup" finished-at="2024-09-09T17:50:08 IST" duration-ms="7898" status="PASS">
          <params>
            <param index="0">
              <value>
                <![CDATA[windows]]>
              </value>
            </param>
            <param index="1">
              <value>
                <![CDATA[chrome]]>
              </value>
            </param>
          </params>
          <reporter-output>
          </reporter-output>
        </test-method> <!-- setup -->
        <test-method signature="verify_aacoutnt_registration()[pri:0, instance:testCases.TC001_AccountRegistrationTest@4e5ed836]" started-at="2024-09-09T17:50:08 IST" name="verify_aacoutnt_registration" finished-at="2024-09-09T17:50:21 IST" duration-ms="13352" status="PASS">
          <reporter-output>
          </reporter-output>
        </test-method> <!-- verify_aacoutnt_registration -->
        <test-method is-config="true" signature="tearDown()[pri:0, instance:testCases.TC001_AccountRegistrationTest@4e5ed836]" started-at="2024-09-09T17:50:21 IST" name="tearDown" finished-at="2024-09-09T17:50:22 IST" duration-ms="376" status="PASS">
          <reporter-output>
          </reporter-output>
        </test-method> <!-- tearDown -->
      </class> <!-- testCases.TC001_AccountRegistrationTest -->
    </test> <!-- chrome suite -->
  </suite> <!-- Suite -->
</testng-results>
